==> Cloning from https://github.com/dave391/FosburyApp
==> Checking out commit 74dfbd4044223584c97b9b188b3098070349a7fc in branch main
==> Using Python version 3.13.4 (default)
==> Docs on specifying a Python version: https://render.com/docs/python-version
==> Using Poetry version 2.1.3 (default)
==> Docs on specifying a Poetry version: https://render.com/docs/poetry-version
==> Running build command 'pip install -r requirements.txt'...
Collecting streamlit==1.41.0 (from -r requirements.txt (line 1))
  Downloading streamlit-1.41.0-py2.py3-none-any.whl.metadata (8.5 kB)
Collecting pymongo==4.6.0 (from -r requirements.txt (line 2))
  Downloading pymongo-4.6.0.tar.gz (1.4 MB)
     â”â”â”â”â”â”â”â”â”â”â”â”â”â”â”â”â”â”â”â”â”â”â”â”â”â”â”â”â”â”â”â”â”â”â”â”â”â”â”â” 1.4/1.4 MB 45.3 MB/s eta 0:00:00
  Installing build dependencies: started
  Installing build dependencies: finished with status 'done'
  Getting requirements to build wheel: started
  Getting requirements to build wheel: finished with status 'done'
  Preparing metadata (pyproject.toml): started
  Preparing metadata (pyproject.toml): finished with status 'done'
Collecting ccxt==4.1.66 (from -r requirements.txt (line 3))
  Downloading ccxt-4.1.66-py2.py3-none-any.whl.metadata (106 kB)
Collecting bcrypt==4.1.2 (from -r requirements.txt (line 4))
  Downloading bcrypt-4.1.2-cp39-abi3-manylinux_2_28_x86_64.whl.metadata (9.5 kB)
Collecting cryptography==42.0.8 (from -r requirements.txt (line 5))
  Downloading cryptography-42.0.8-cp39-abi3-manylinux_2_28_x86_64.whl.metadata (5.3 kB)
Collecting python-dotenv==1.0.0 (from -r requirements.txt (line 6))
  Downloading python_dotenv-1.0.0-py3-none-any.whl.metadata (21 kB)
Collecting pandas==2.1.4 (from -r requirements.txt (line 7))
  Downloading pandas-2.1.4.tar.gz (4.3 MB)
     â”â”â”â”â”â”â”â”â”â”â”â”â”â”â”â”â”â”â”â”â”â”â”â”â”â”â”â”â”â”â”â”â”â”â”â”â”â”â”â” 4.3/4.3 MB 34.7 MB/s eta 0:00:00
  Installing build dependencies: started
  Installing build dependencies: still running...
  Installing build dependencies: still running...
  Ã— Preparing metadata (pyproject.toml) did not run successfully.
  â”‚ exit code: 1
  â•°â”€> [82 lines of output]
      + meson setup /tmp/pip-install-supkrx49/pandas_ec0f2a720b7b4ef7b118b3192013fffa /tmp/pip-install-supkrx49/pandas_ec0f2a720b7b4ef7b118b3192013fffa/.mesonpy-rcgho6a6/build -Dbuildtype=release -Db_ndebug=if-release -Db_vscrt=md --vsenv --native-file=/tmp/pip-install-supkrx49/pandas_ec0f2a720b7b4ef7b118b3192013fffa/.mesonpy-rcgho6a6/build/meson-python-native-file.ini
      The Meson build system
      Version: 1.2.1
      Source dir: /tmp/pip-install-supkrx49/pandas_ec0f2a720b7b4ef7b118b3192013fffa
      Build dir: /tmp/pip-install-supkrx49/pandas_ec0f2a720b7b4ef7b118b3192013fffa/.mesonpy-rcgho6a6/build
      Build type: native build
      Project name: pandas
      Project version: 2.1.4
      C compiler for the host machine: cc (gcc 12.2.0 "cc (Debian 12.2.0-14+deb12u1) 12.2.0")
      C linker for the host machine: cc ld.bfd 2.40
      C++ compiler for the host machine: c++ (gcc 12.2.0 "c++ (Debian 12.2.0-14+deb12u1) 12.2.0")
      C++ linker for the host machine: c++ ld.bfd 2.40
      Cython compiler for the host machine: cython (cython 0.29.37)
      Host machine cpu family: x86_64
      Host machine cpu: x86_64
      Program python found: YES (/opt/render/project/src/.venv/bin/python)
      Found pkg-config: /usr/bin/pkg-config (1.8.1)
      Run-time dependency python found: YES 3.13
      Build targets in project: 53
      
      pandas 2.1.4
      
        User defined options
          Native files: /tmp/pip-install-supkrx49/pandas_ec0f2a720b7b4ef7b118b3192013fffa/.mesonpy-rcgho6a6/build/meson-python-native-file.ini
          buildtype   : release
          vsenv       : True
          b_ndebug    : if-release
          b_vscrt     : md
      
      Found ninja-1.11.1 at /usr/bin/ninja
      
      Visual Studio environment is needed to run Ninja. It is recommended to use Meson wrapper:
      /tmp/pip-build-env-nffjh2jy/overlay/bin/meson compile -C .
      + /usr/bin/ninja
      [1/151] Generating pandas/_libs/algos_take_helper_pxi with a custom command
      [2/151] Generating pandas/_libs/algos_common_helper_pxi with a custom command
      [3/151] Generating pandas/_libs/khash_primitive_helper_pxi with a custom command
      [4/151] Generating pandas/_libs/intervaltree_helper_pxi with a custom command
      [5/151] Generating pandas/__init__.py with a custom command
      [6/151] Generating pandas/_libs/hashtable_func_helper_pxi with a custom command
      [7/151] Generating pandas/_libs/index_class_helper_pxi with a custom command
      [8/151] Generating pandas/_libs/hashtable_class_helper_pxi with a custom command
      [9/151] Generating pandas/_libs/sparse_op_helper_pxi with a custom command
      [10/151] Compiling Cython source /tmp/pip-install-supkrx49/pandas_ec0f2a720b7b4ef7b118b3192013fffa/pandas/_libs/tslibs/base.pyx
      [11/151] Compiling C object pandas/_libs/tslibs/base.cpython-313-x86_64-linux-gnu.so.p/meson-generated_pandas__libs_tslibs_base.pyx.c.o
      FAILED: pandas/_libs/tslibs/base.cpython-313-x86_64-linux-gnu.so.p/meson-generated_pandas__libs_tslibs_base.pyx.c.o
      cc -Ipandas/_libs/tslibs/base.cpython-313-x86_64-linux-gnu.so.p -Ipandas/_libs/tslibs -I../../pandas/_libs/tslibs -I../../../../pip-build-env-nffjh2jy/overlay/lib/python3.13/site-packages/numpy/core/include -I../../pandas/_libs/include -I/usr/local/include/python3.13 -fvisibility=hidden -fdiagnostics-color=always -DNDEBUG -D_FILE_OFFSET_BITS=64 -w -std=c99 -O3 -DNPY_NO_DEPRECATED_API=0 -DNPY_TARGET_VERSION=NPY_1_21_API_VERSION -fPIC -MD -MQ pandas/_libs/tslibs/base.cpython-313-x86_64-linux-gnu.so.p/meson-generated_pandas__libs_tslibs_base.pyx.c.o -MF pandas/_libs/tslibs/base.cpython-313-x86_64-linux-gnu.so.p/meson-generated_pandas__libs_tslibs_base.pyx.c.o.d -o pandas/_libs/tslibs/base.cpython-313-x86_64-linux-gnu.so.p/meson-generated_pandas__libs_tslibs_base.pyx.c.o -c pandas/_libs/tslibs/base.cpython-313-x86_64-linux-gnu.so.p/pandas/_libs/tslibs/base.pyx.c
      pandas/_libs/tslibs/base.cpython-313-x86_64-linux-gnu.so.p/pandas/_libs/tslibs/base.pyx.c: In function â€˜__Pyx_PyInt_As_longâ€™:
      pandas/_libs/tslibs/base.cpython-313-x86_64-linux-gnu.so.p/pandas/_libs/tslibs/base.pyx.c:5397:27: error: too few arguments to function â€˜_PyLong_AsByteArrayâ€™
       5397 |                 int ret = _PyLong_AsByteArray((PyLongObject *)v,
            |                           ^~~~~~~~~~~~~~~~~~~
      In file included from /usr/local/include/python3.13/longobject.h:107,
                       from /usr/local/include/python3.13/Python.h:81,
                       from pandas/_libs/tslibs/base.cpython-313-x86_64-linux-gnu.so.p/pandas/_libs/tslibs/base.pyx.c:6:
      /usr/local/include/python3.13/cpython/longobject.h:111:17: note: declared here
        111 | PyAPI_FUNC(int) _PyLong_AsByteArray(PyLongObject* v,
            |                 ^~~~~~~~~~~~~~~~~~~
      pandas/_libs/tslibs/base.cpython-313-x86_64-linux-gnu.so.p/pandas/_libs/tslibs/base.pyx.c: In function â€˜__Pyx_PyInt_As_intâ€™:
      pandas/_libs/tslibs/base.cpython-313-x86_64-linux-gnu.so.p/pandas/_libs/tslibs/base.pyx.c:5631:27: error: too few arguments to function â€˜_PyLong_AsByteArrayâ€™
       5631 |                 int ret = _PyLong_AsByteArray((PyLongObject *)v,
            |                           ^~~~~~~~~~~~~~~~~~~
      /usr/local/include/python3.13/cpython/longobject.h:111:17: note: declared here
        111 | PyAPI_FUNC(int) _PyLong_AsByteArray(PyLongObject* v,
            |                 ^~~~~~~~~~~~~~~~~~~
      [12/151] Compiling C object pandas/_libs/tslibs/parsing.cpython-313-x86_64-linux-gnu.so.p/.._src_parser_tokenizer.c.o
      [13/151] Compiling Cython source /tmp/pip-install-supkrx49/pandas_ec0f2a720b7b4ef7b118b3192013fffa/pandas/_libs/tslibs/ccalendar.pyx
      [14/151] Compiling Cython source /tmp/pip-install-supkrx49/pandas_ec0f2a720b7b4ef7b118b3192013fffa/pandas/_libs/tslibs/dtypes.pyx
      [15/151] Compiling Cython source /tmp/pip-install-supkrx49/pandas_ec0f2a720b7b4ef7b118b3192013fffa/pandas/_libs/tslibs/np_datetime.pyx
      [16/151] Compiling Cython source /tmp/pip-install-supkrx49/pandas_ec0f2a720b7b4ef7b118b3192013fffa/pandas/_libs/tslibs/nattype.pyx
      [17/151] Compiling Cython source /tmp/pip-install-supkrx49/pandas_ec0f2a720b7b4ef7b118b3192013fffa/pandas/_libs/tslibs/timezones.pyx
      [18/151] Compiling Cython source /tmp/pip-install-supkrx49/pandas_ec0f2a720b7b4ef7b118b3192013fffa/pandas/_libs/tslibs/conversion.pyx
      [19/151] Compiling Cython source /tmp/pip-install-supkrx49/pandas_ec0f2a720b7b4ef7b118b3192013fffa/pandas/_libs/tslibs/vectorized.pyx
      [20/151] Compiling Cython source /tmp/pip-install-supkrx49/pandas_ec0f2a720b7b4ef7b118b3192013fffa/pandas/_libs/tslibs/parsing.pyx
      [21/151] Compiling Cython source /tmp/pip-install-supkrx49/pandas_ec0f2a720b7b4ef7b118b3192013fffa/pandas/_libs/tslibs/offsets.pyx
      [22/151] Compiling Cython source /tmp/pip-install-supkrx49/pandas_ec0f2a720b7b4ef7b118b3192013fffa/pandas/_libs/tslibs/fields.pyx
      [23/151] Compiling Cython source /tmp/pip-install-supkrx49/pandas_ec0f2a720b7b4ef7b118b3192013fffa/pandas/_libs/tslibs/strptime.pyx
      [24/151] Compiling Cython source /tmp/pip-install-supkrx49/pandas_ec0f2a720b7b4ef7b118b3192013fffa/pandas/_libs/tslibs/tzconversion.pyx
      [25/151] Compiling Cython source /tmp/pip-install-supkrx49/pandas_ec0f2a720b7b4ef7b118b3192013fffa/pandas/_libs/tslibs/period.pyx
      [26/151] Compiling Cython source /tmp/pip-install-supkrx49/pandas_ec0f2a720b7b4ef7b118b3192013fffa/pandas/_libs/tslibs/timestamps.pyx
      [27/151] Compiling Cython source /tmp/pip-install-supkrx49/pandas_ec0f2a720b7b4ef7b118b3192013fffa/pandas/_libs/tslibs/timedeltas.pyx
      [28/151] Compiling Cython source /tmp/pip-install-supkrx49/pandas_ec0f2a720b7b4ef7b118b3192013fffa/pandas/_libs/algos.pyx
      ninja: build stopped: subcommand failed.
      [end of output]
  
  note: This error originates from a subprocess, and is likely not a problem with pip.
[notice] A new release of pip is available: 25.1.1 -> 25.2
[notice] To update, run: pip install --upgrade pip
error: metadata-generation-failed
Ã— Encountered error while generating package metadata.
â•°â”€> See above for output.
note: This is an issue with the package mentioned above, not pip.
hint: See above for details.
==> Build failed ðŸ˜ž
==> Common ways to troubleshoot your deploy: https://render.com/docs/troubleshooting-deploys